<?xml version="1.0" encoding="UTF-8"?>
<!-- Generated by org.testng.reporters.JUnitReportReporter -->
<testsuite hostname="computer" name="com.companyname.projectname.Test.TestController" tests="1" failures="0" timestamp="8 Dec 2017 17:21:20 GMT" time="126.960" errors="0">
  <testcase name="TestCaseController" time="126.960" classname="com.companyname.projectname.Test.TestController"/>
</testsuite> <!-- com.companyname.projectname.Test.TestController -->
